<?xml version="1.0" encoding="UTF-8"?>
<!-- Generated by org.testng.reporters.JUnitReportReporter -->
<testsuite hostname="my-laptop" name="it.cybion.influencers.twitter.persistance.MongodbPersistanceFacadeTEST" tests="4" failures="0" timestamp="20 Dec 2012 09:47:27 GMT" time="0.121" errors="0">
  <testcase name="addFriendsTEST" time="0.091" classname="it.cybion.influencers.twitter.persistance.MongodbPersistanceFacadeTEST"/>
  <testcase name="insertionAndRetrivalTEST" time="0.015" classname="it.cybion.influencers.twitter.persistance.MongodbPersistanceFacadeTEST"/>
  <testcase name="insertionDeletionTEST" time="0.014" classname="it.cybion.influencers.twitter.persistance.MongodbPersistanceFacadeTEST"/>
  <testcase name="userNotPresentExceptionTEST" time="0.001" classname="it.cybion.influencers.twitter.persistance.MongodbPersistanceFacadeTEST"/>
</testsuite> <!-- it.cybion.influencers.twitter.persistance.MongodbPersistanceFacadeTEST -->
