<?xml version="1.0" encoding="UTF-8"?>
<!-- Generated by org.testng.reporters.JUnitReportReporter -->
<testsuite hostname="my-laptop" name="it.cybion.influencers.twitter.persistance.MongodbPersistanceFacadeTEST" tests="3" failures="0" timestamp="19 Dec 2012 15:07:36 GMT" time="0.387" errors="0">
  <testcase name="insertionAndRetrivalTEST" time="0.022" classname="it.cybion.influencers.twitter.persistance.MongodbPersistanceFacadeTEST"/>
  <testcase name="insertionDeletionTEST" time="0.032" classname="it.cybion.influencers.twitter.persistance.MongodbPersistanceFacadeTEST"/>
  <testcase name="addFriendsTEST" time="0.333" classname="it.cybion.influencers.twitter.persistance.MongodbPersistanceFacadeTEST"/>
</testsuite> <!-- it.cybion.influencers.twitter.persistance.MongodbPersistanceFacadeTEST -->
