<?xml version="1.0" encoding="UTF-8"?>
<!-- Generated by org.testng.reporters.JUnitReportReporter -->
<testsuite hostname="my-laptop" name="it.cybion.influencers.twitter.persistance.MongodbPersistanceFacadeTEST" tests="1" failures="0" timestamp="17 Dec 2012 15:38:04 GMT" time="0.290" errors="0">
  <testcase name="insertionDeletionTest" time="0.290" classname="it.cybion.influencers.twitter.persistance.MongodbPersistanceFacadeTEST"/>
</testsuite> <!-- it.cybion.influencers.twitter.persistance.MongodbPersistanceFacadeTEST -->
