<?xml version="1.0" encoding="UTF-8"?>
<!-- Generated by org.testng.reporters.JUnitReportReporter -->
<testsuite hostname="my-laptop" name="it.cybion.influencers.filtering.filters.content.DescriptionDictionaryFilterTEST" tests="1" failures="0" timestamp="17 Dec 2012 10:16:02 GMT" time="0.022" errors="0">
  <testcase name="testsIfTheResultFromTheFilteringIsRight" time="0.022" classname="it.cybion.influencers.filtering.filters.content.DescriptionDictionaryFilterTEST"/>
</testsuite> <!-- it.cybion.influencers.filtering.filters.content.DescriptionDictionaryFilterTEST -->
