<?xml version="1.0" encoding="UTF-8" ?>
<testsuite failures="0" time="1.976" errors="0" skipped="0" tests="1" name="TestSuite">
  <properties>
    <property name="java.runtime.name" value="OpenJDK Runtime Environment"/>
    <property name="sun.boot.library.path" value="/usr/lib/jvm/java-7-openjdk-amd64/jre/lib/amd64"/>
    <property name="java.vm.version" value="23.2-b09"/>
    <property name="java.vm.vendor" value="Oracle Corporation"/>
    <property name="java.vendor.url" value="http://java.oracle.com/"/>
    <property name="path.separator" value=":"/>
    <property name="java.vm.name" value="OpenJDK 64-Bit Server VM"/>
    <property name="file.encoding.pkg" value="sun.io"/>
    <property name="user.country" value="US"/>
    <property name="sun.java.launcher" value="SUN_STANDARD"/>
    <property name="sun.os.patch.level" value="unknown"/>
    <property name="java.vm.specification.name" value="Java Virtual Machine Specification"/>
    <property name="user.dir" value="/home/godzy/git/TwiCinf/experiment/granatum-model"/>
    <property name="java.runtime.version" value="1.7.0_09-b30"/>
    <property name="java.awt.graphicsenv" value="sun.awt.X11GraphicsEnvironment"/>
    <property name="basedir" value="/home/godzy/git/TwiCinf/experiment/granatum-model"/>
    <property name="java.endorsed.dirs" value="/usr/lib/jvm/java-7-openjdk-amd64/jre/lib/endorsed"/>
    <property name="os.arch" value="amd64"/>
    <property name="surefire.real.class.path" value="/tmp/surefirebooter1408515030464297521.jar"/>
    <property name="java.io.tmpdir" value="/tmp"/>
    <property name="line.separator" value="
"/>
    <property name="java.vm.specification.vendor" value="Oracle Corporation"/>
    <property name="os.name" value="Linux"/>
    <property name="sun.jnu.encoding" value="UTF-8"/>
    <property name="java.library.path" value="/usr/java/packages/lib/amd64:/usr/lib/jni:/lib:/usr/lib"/>
    <property name="surefire.test.class.path" value="/home/godzy/git/TwiCinf/experiment/granatum-model/target/test-classes:/home/godzy/git/TwiCinf/experiment/granatum-model/target/classes:/home/godzy/.m2/repository/com/tinkerpop/blueprints/blueprints-core/2.1.0/blueprints-core-2.1.0.jar:/home/godzy/.m2/repository/org/codehaus/jettison/jettison/1.3/jettison-1.3.jar:/home/godzy/.m2/repository/stax/stax-api/1.0.1/stax-api-1.0.1.jar:/home/godzy/.m2/repository/org/codehaus/jackson/jackson-core-asl/1.8.5/jackson-core-asl-1.8.5.jar:/home/godzy/.m2/repository/org/codehaus/jackson/jackson-mapper-asl/1.8.5/jackson-mapper-asl-1.8.5.jar:/home/godzy/.m2/repository/colt/colt/1.2.0/colt-1.2.0.jar:/home/godzy/.m2/repository/concurrent/concurrent/1.3.4/concurrent-1.3.4.jar:/home/godzy/.m2/repository/com/tinkerpop/blueprints/blueprints-neo4j-graph/2.1.0/blueprints-neo4j-graph-2.1.0.jar:/home/godzy/.m2/repository/org/neo4j/neo4j-kernel/1.8.M06/neo4j-kernel-1.8.M06.jar:/home/godzy/.m2/repository/org/neo4j/neo4j-lucene-index/1.8.M06/neo4j-lucene-index-1.8.M06.jar:/home/godzy/.m2/repository/org/apache/lucene/lucene-core/3.5.0/lucene-core-3.5.0.jar:/home/godzy/.m2/repository/org/neo4j/neo4j-graph-algo/1.8.M06/neo4j-graph-algo-1.8.M06.jar:/home/godzy/.m2/repository/org/neo4j/neo4j-udc/1.8.M06/neo4j-udc-1.8.M06.jar:/home/godzy/.m2/repository/org/neo4j/neo4j-graph-matching/1.8.M06/neo4j-graph-matching-1.8.M06.jar:/home/godzy/.m2/repository/org/neo4j/neo4j-cypher/1.8.M06/neo4j-cypher-1.8.M06.jar:/home/godzy/.m2/repository/org/scala-lang/scala-library/2.9.1-1/scala-library-2.9.1-1.jar:/home/godzy/.m2/repository/org/neo4j/neo4j-jmx/1.8.M06/neo4j-jmx-1.8.M06.jar:/home/godzy/.m2/repository/org/neo4j/neo4j-ha/1.8.M06/neo4j-ha-1.8.M06.jar:/home/godzy/.m2/repository/org/neo4j/neo4j-backup/1.8.M06/neo4j-backup-1.8.M06.jar:/home/godzy/.m2/repository/org/apache/zookeeper/zookeeper/3.3.2/zookeeper-3.3.2.jar:/home/godzy/.m2/repository/org/neo4j/neo4j-com/1.8.M06/neo4j-com-1.8.M06.jar:/home/godzy/.m2/repository/org/apache/servicemix/bundles/org.apache.servicemix.bundles.netty/3.2.5.Final_1/org.apache.servicemix.bundles.netty-3.2.5.Final_1.jar:/home/godzy/.m2/repository/org/neo4j/neo4j-management/1.8.M06/neo4j-management-1.8.M06.jar:/home/godzy/.m2/repository/log4j/log4j/1.2.16/log4j-1.2.16.jar:/home/godzy/.m2/repository/org/testng/testng/5.14.10/testng-5.14.10.jar:/home/godzy/.m2/repository/junit/junit/3.8.1/junit-3.8.1.jar:/home/godzy/.m2/repository/org/beanshell/bsh/2.0b4/bsh-2.0b4.jar:/home/godzy/.m2/repository/com/beust/jcommander/1.12/jcommander-1.12.jar:/home/godzy/.m2/repository/org/yaml/snakeyaml/1.6/snakeyaml-1.6.jar:/home/godzy/.m2/repository/org/neo4j/neo4j-kernel/1.8.M06/neo4j-kernel-1.8.M06-tests.jar:/home/godzy/.m2/repository/org/apache/geronimo/specs/geronimo-jta_1.1_spec/1.1.1/geronimo-jta_1.1_spec-1.1.1.jar:"/>
    <property name="java.specification.name" value="Java Platform API Specification"/>
    <property name="java.class.version" value="51.0"/>
    <property name="sun.management.compiler" value="HotSpot 64-Bit Tiered Compilers"/>
    <property name="os.version" value="3.5.0-18-generic"/>
    <property name="user.home" value="/home/godzy"/>
    <property name="user.timezone" value="Europe/Rome"/>
    <property name="java.awt.printerjob" value="sun.print.PSPrinterJob"/>
    <property name="file.encoding" value="UTF-8"/>
    <property name="java.specification.version" value="1.7"/>
    <property name="user.name" value="godzy"/>
    <property name="java.class.path" value="/home/godzy/git/TwiCinf/experiment/granatum-model/target/test-classes:/home/godzy/git/TwiCinf/experiment/granatum-model/target/classes:/home/godzy/.m2/repository/com/tinkerpop/blueprints/blueprints-core/2.1.0/blueprints-core-2.1.0.jar:/home/godzy/.m2/repository/org/codehaus/jettison/jettison/1.3/jettison-1.3.jar:/home/godzy/.m2/repository/stax/stax-api/1.0.1/stax-api-1.0.1.jar:/home/godzy/.m2/repository/org/codehaus/jackson/jackson-core-asl/1.8.5/jackson-core-asl-1.8.5.jar:/home/godzy/.m2/repository/org/codehaus/jackson/jackson-mapper-asl/1.8.5/jackson-mapper-asl-1.8.5.jar:/home/godzy/.m2/repository/colt/colt/1.2.0/colt-1.2.0.jar:/home/godzy/.m2/repository/concurrent/concurrent/1.3.4/concurrent-1.3.4.jar:/home/godzy/.m2/repository/com/tinkerpop/blueprints/blueprints-neo4j-graph/2.1.0/blueprints-neo4j-graph-2.1.0.jar:/home/godzy/.m2/repository/org/neo4j/neo4j-kernel/1.8.M06/neo4j-kernel-1.8.M06.jar:/home/godzy/.m2/repository/org/neo4j/neo4j-lucene-index/1.8.M06/neo4j-lucene-index-1.8.M06.jar:/home/godzy/.m2/repository/org/apache/lucene/lucene-core/3.5.0/lucene-core-3.5.0.jar:/home/godzy/.m2/repository/org/neo4j/neo4j-graph-algo/1.8.M06/neo4j-graph-algo-1.8.M06.jar:/home/godzy/.m2/repository/org/neo4j/neo4j-udc/1.8.M06/neo4j-udc-1.8.M06.jar:/home/godzy/.m2/repository/org/neo4j/neo4j-graph-matching/1.8.M06/neo4j-graph-matching-1.8.M06.jar:/home/godzy/.m2/repository/org/neo4j/neo4j-cypher/1.8.M06/neo4j-cypher-1.8.M06.jar:/home/godzy/.m2/repository/org/scala-lang/scala-library/2.9.1-1/scala-library-2.9.1-1.jar:/home/godzy/.m2/repository/org/neo4j/neo4j-jmx/1.8.M06/neo4j-jmx-1.8.M06.jar:/home/godzy/.m2/repository/org/neo4j/neo4j-ha/1.8.M06/neo4j-ha-1.8.M06.jar:/home/godzy/.m2/repository/org/neo4j/neo4j-backup/1.8.M06/neo4j-backup-1.8.M06.jar:/home/godzy/.m2/repository/org/apache/zookeeper/zookeeper/3.3.2/zookeeper-3.3.2.jar:/home/godzy/.m2/repository/org/neo4j/neo4j-com/1.8.M06/neo4j-com-1.8.M06.jar:/home/godzy/.m2/repository/org/apache/servicemix/bundles/org.apache.servicemix.bundles.netty/3.2.5.Final_1/org.apache.servicemix.bundles.netty-3.2.5.Final_1.jar:/home/godzy/.m2/repository/org/neo4j/neo4j-management/1.8.M06/neo4j-management-1.8.M06.jar:/home/godzy/.m2/repository/log4j/log4j/1.2.16/log4j-1.2.16.jar:/home/godzy/.m2/repository/org/testng/testng/5.14.10/testng-5.14.10.jar:/home/godzy/.m2/repository/junit/junit/3.8.1/junit-3.8.1.jar:/home/godzy/.m2/repository/org/beanshell/bsh/2.0b4/bsh-2.0b4.jar:/home/godzy/.m2/repository/com/beust/jcommander/1.12/jcommander-1.12.jar:/home/godzy/.m2/repository/org/yaml/snakeyaml/1.6/snakeyaml-1.6.jar:/home/godzy/.m2/repository/org/neo4j/neo4j-kernel/1.8.M06/neo4j-kernel-1.8.M06-tests.jar:/home/godzy/.m2/repository/org/apache/geronimo/specs/geronimo-jta_1.1_spec/1.1.1/geronimo-jta_1.1_spec-1.1.1.jar:"/>
    <property name="java.vm.specification.version" value="1.7"/>
    <property name="sun.arch.data.model" value="64"/>
    <property name="java.home" value="/usr/lib/jvm/java-7-openjdk-amd64/jre"/>
    <property name="sun.java.command" value="/tmp/surefirebooter1408515030464297521.jar /tmp/surefire7947653791916127270tmp /tmp/surefire5562103484149898997tmp"/>
    <property name="java.specification.vendor" value="Oracle Corporation"/>
    <property name="user.language" value="en"/>
    <property name="awt.toolkit" value="sun.awt.X11.XToolkit"/>
    <property name="java.vm.info" value="mixed mode"/>
    <property name="java.version" value="1.7.0_09"/>
    <property name="java.ext.dirs" value="/usr/lib/jvm/java-7-openjdk-amd64/jre/lib/ext:/usr/java/packages/lib/ext"/>
    <property name="sun.boot.class.path" value="/usr/lib/jvm/java-7-openjdk-amd64/jre/lib/resources.jar:/usr/lib/jvm/java-7-openjdk-amd64/jre/lib/rt.jar:/usr/lib/jvm/java-7-openjdk-amd64/jre/lib/sunrsasign.jar:/usr/lib/jvm/java-7-openjdk-amd64/jre/lib/jsse.jar:/usr/lib/jvm/java-7-openjdk-amd64/jre/lib/jce.jar:/usr/lib/jvm/java-7-openjdk-amd64/jre/lib/charsets.jar:/usr/lib/jvm/java-7-openjdk-amd64/jre/lib/netx.jar:/usr/lib/jvm/java-7-openjdk-amd64/jre/lib/plugin.jar:/usr/lib/jvm/java-7-openjdk-amd64/jre/lib/rhino.jar:/usr/lib/jvm/java-7-openjdk-amd64/jre/lib/jfr.jar:/usr/lib/jvm/java-7-openjdk-amd64/jre/classes"/>
    <property name="java.vendor" value="Oracle Corporation"/>
    <property name="localRepository" value="/home/godzy/.m2/repository"/>
    <property name="file.separator" value="/"/>
    <property name="java.vendor.url.bug" value="http://bugreport.sun.com/bugreport/"/>
    <property name="sun.cpu.endian" value="little"/>
    <property name="sun.io.unicode.encoding" value="UnicodeLittle"/>
    <property name="sun.cpu.isalist" value=""/>
  </properties>
  <testcase time="0.126" classname="eu.granatum.importer.model.ModelTestCase" name="shouldTestRelationships"/>
</testsuite>